Build started 3/17/2022 7:05:08 PM.
     1>Project "C:\sourcemodding\daleksreign\sp\src\raytrace\raytrace.vcxproj" on node 3 (Build target(s)).
     1>PreBuildEvent:
         if EXIST ..\lib\public\.\raytrace.lib ( for /f "delims=" %%A in ('attrib "..\lib\public\.\raytrace.lib"') do set valveTmpIsReadOnly="%%A"
         ) else ( if not EXIST ..\lib\public\. mkdir ..\lib\public\. )
         set valveTmpIsReadOnlyLetter=%valveTmpIsReadOnly:~6,1%
         if "%valveTmpIsReadOnlyLetter%"=="R" (
             attrib -r ..\lib\public\.\raytrace.lib
             ..\devtools\bin\gnu\touch.exe -d "1999-01-01" ..\lib\public\.\raytrace.lib
             attrib +r ..\lib\public\.\raytrace.lib
         )
         if exist "..\devtools\bin\vpc.exe" "..\devtools\bin\vpc.exe" -crc2 "raytrace.vcxproj"
         if ERRORLEVEL 1 exit /b 1
         
         :VCEnd
       Lib:
         C:\Program Files (x86)\Microsoft Visual Studio 12.0\VC\bin\Lib.exe /OUT:"..\lib\public\.\raytrace.lib" /NOLOGO  /ignore:4221 .\Release\.\/raytrace.obj
         .\Release\.\/trace2.obj
         .\Release\.\/trace3.obj
         raytrace.vcxproj -> C:\sourcemodding\daleksreign\sp\src\raytrace\..\lib\public\.\raytrace.lib
     1>Done Building Project "C:\sourcemodding\daleksreign\sp\src\raytrace\raytrace.vcxproj" (Build target(s)).

Build succeeded.

Time Elapsed 00:00:14.85
