c:\sourcemodding\basemod\sp\src\tier1\debug\vc120.pdb
c:\sourcemodding\basemod\sp\src\tier1\debug\vc120.idb
c:\sourcemodding\basemod\sp\src\tier1\debug\processor_detect.obj
c:\sourcemodding\basemod\sp\src\tier1\tier1.vpc.sentinel
c:\sourcemodding\basemod\sp\src\lib\public\tier1.lib
c:\sourcemodding\daleksreign\sp\src\tier1\debug\bitbuf.obj
c:\sourcemodding\daleksreign\sp\src\tier1\debug\byteswap.obj
c:\sourcemodding\daleksreign\sp\src\tier1\debug\characterset.obj
c:\sourcemodding\daleksreign\sp\src\tier1\debug\checksum_crc.obj
c:\sourcemodding\daleksreign\sp\src\tier1\debug\checksum_md5.obj
c:\sourcemodding\daleksreign\sp\src\tier1\debug\checksum_sha1.obj
c:\sourcemodding\daleksreign\sp\src\tier1\debug\commandbuffer.obj
c:\sourcemodding\daleksreign\sp\src\tier1\debug\convar.obj
c:\sourcemodding\daleksreign\sp\src\tier1\debug\datamanager.obj
c:\sourcemodding\daleksreign\sp\src\tier1\debug\diff.obj
c:\sourcemodding\daleksreign\sp\src\tier1\debug\generichash.obj
c:\sourcemodding\daleksreign\sp\src\tier1\debug\ilocalize.obj
c:\sourcemodding\daleksreign\sp\src\tier1\debug\interface.obj
c:\sourcemodding\daleksreign\sp\src\tier1\debug\keyvalues.obj
c:\sourcemodding\daleksreign\sp\src\tier1\debug\kvpacker.obj
c:\sourcemodding\daleksreign\sp\src\tier1\debug\lzmadecoder.obj
c:\sourcemodding\daleksreign\sp\src\tier1\debug\mempool.obj
c:\sourcemodding\daleksreign\sp\src\tier1\debug\memstack.obj
c:\sourcemodding\daleksreign\sp\src\tier1\debug\netadr.obj
c:\sourcemodding\daleksreign\sp\src\tier1\debug\newbitbuf.obj
c:\sourcemodding\daleksreign\sp\src\tier1\debug\rangecheckedvar.obj
c:\sourcemodding\daleksreign\sp\src\tier1\debug\reliabletimer.obj
c:\sourcemodding\daleksreign\sp\src\tier1\debug\snappy-sinksource.obj
c:\sourcemodding\daleksreign\sp\src\tier1\debug\snappy-stubs-internal.obj
c:\sourcemodding\daleksreign\sp\src\tier1\debug\snappy.obj
c:\sourcemodding\daleksreign\sp\src\tier1\debug\sparsematrix.obj
c:\sourcemodding\daleksreign\sp\src\tier1\debug\splitstring.obj
c:\sourcemodding\daleksreign\sp\src\tier1\debug\stringpool.obj
c:\sourcemodding\daleksreign\sp\src\tier1\debug\strtools.obj
c:\sourcemodding\daleksreign\sp\src\tier1\debug\tier1.obj
c:\sourcemodding\daleksreign\sp\src\tier1\debug\tokenreader.obj
c:\sourcemodding\daleksreign\sp\src\tier1\debug\uniqueid.obj
c:\sourcemodding\daleksreign\sp\src\tier1\debug\utlbuffer.obj
c:\sourcemodding\daleksreign\sp\src\tier1\debug\utlbufferutil.obj
c:\sourcemodding\daleksreign\sp\src\tier1\debug\utlstring.obj
c:\sourcemodding\daleksreign\sp\src\tier1\debug\utlsymbol.obj
c:\sourcemodding\daleksreign\sp\src\tier1\debug\tier1.tlog\cl.command.1.tlog
c:\sourcemodding\daleksreign\sp\src\tier1\debug\tier1.tlog\cl.read.1.tlog
c:\sourcemodding\daleksreign\sp\src\tier1\debug\tier1.tlog\cl.write.1.tlog
c:\sourcemodding\daleksreign\sp\src\tier1\debug\tier1.tlog\custombuild.command.1.tlog
c:\sourcemodding\daleksreign\sp\src\tier1\debug\tier1.tlog\custombuild.read.1.tlog
c:\sourcemodding\daleksreign\sp\src\tier1\debug\tier1.tlog\custombuild.write.1.tlog
c:\sourcemodding\daleksreign\sp\src\tier1\debug\tier1.tlog\lib-link.read.1.tlog
c:\sourcemodding\daleksreign\sp\src\tier1\debug\tier1.tlog\lib-link.write.1.tlog
c:\sourcemodding\daleksreign\sp\src\tier1\debug\tier1.tlog\lib.command.1.tlog
